<?xml version="1.0" encoding="UTF-8"?>
<!-- Generated by org.testng.reporters.JUnitXMLReporter -->
<testsuite ignored="0" hostname="LTIN607117" failures="0" tests="2" name="Test1" time="23.674" errors="0" timestamp="2025-06-25T15:37:07 IST">
  <testcase classname="com.test.testScenario.HotelTrivagoApp" name="@AfterMethod screnShot" time="0.244">
    <failure type="java.lang.RuntimeException" message="ScreenShot Capture Failed: C:\Users\2407231\eclipse-workspace\HotelTrivago\ScreenShots\SctreenShotPages_25-06-2025 03-37-07 pm IST.png (The system cannot find the path specified)">
      <![CDATA[java.lang.RuntimeException: ScreenShot Capture Failed: C:\Users\2407231\eclipse-workspace\HotelTrivago\ScreenShots\SctreenShotPages_25-06-2025 03-37-07 pm IST.png (The system cannot find the path specified)
at com.test.util.ScreenShotUtil.screenShotTC(ScreenShotUtil.java:44)
at com.test.testScenario.HotelTrivagoApp.screnShot(HotelTrivagoApp.java:101)
at java.base/java.util.ArrayList.forEach(ArrayList.java:1596)
... Removed 30 stack frames]]>
    </failure>
  </testcase> <!-- @AfterMethod screnShot -->
  <testcase classname="com.test.testScenario.HotelTrivagoApp" name="@AfterMethod getResult" time="0.0">
    <skipped/>
  </testcase> <!-- @AfterMethod getResult -->
  <testcase classname="com.test.testScenario.HotelTrivagoApp" name="@AfterMethod screnShot" time="0.0">
    <skipped/>
  </testcase> <!-- @AfterMethod screnShot -->
  <testcase classname="com.test.testScenario.HotelTrivagoApp" name="@AfterClass erase" time="0.0">
    <skipped/>
  </testcase> <!-- @AfterClass erase -->
  <testcase classname="com.test.testScenario.HotelTrivagoApp" name="@AfterClass tearDown" time="0.0">
    <skipped/>
  </testcase> <!-- @AfterClass tearDown -->
  <testcase classname="com.test.testScenario.HotelTrivagoApp" name="@AfterClass writeDataIntoExcel" time="0.0">
    <skipped/>
  </testcase> <!-- @AfterClass writeDataIntoExcel -->
  <testcase classname="com.test.testScenario.HotelTrivagoApp" name="cityInitialize" time="2.504"/>
  <testcase classname="com.test.testScenario.HotelTrivagoApp" name="result" time="0.0">
    <skipped/>
  </testcase> <!-- result -->
</testsuite> <!-- Test1 -->
