<?xml version="1.0" encoding="UTF-8"?>
<!-- Generated by org.testng.reporters.JUnitXMLReporter -->
<testsuite ignored="0" hostname="LTIN607117" failures="0" tests="2" name="Test2" time="10.557" errors="0" timestamp="2025-06-25T15:37:18 IST">
  <testcase classname="com.test.testScenario.HotelTrivagoApp" name="cityInitialize" time="2.012"/>
  <testcase classname="com.test.testScenario.HotelTrivagoApp" name="result" time="0.0">
    <skipped/>
  </testcase> <!-- result -->
</testsuite> <!-- Test2 -->
