<?xml version="1.0" encoding="UTF-8"?>
<!-- Generated by org.testng.reporters.JUnitXMLReporter -->
<testsuite ignored="0" hostname="LTIN508044" failures="0" tests="6" name="Test" time="9.28" errors="0" timestamp="2025-06-20T09:51:56 IST">
  <testcase classname="com.test.testScenario.HotelTrivagoApp" name="@AfterMethod screenshot" time="0.178">
    <failure type="java.lang.RuntimeException" message="ScreenShot Capture Failed: CC:\Users\2407231\eclipse-workspace\HotelTrivago\ScreenShotsScreenShots_20-06-2025 9-51-55.png (The filename, directory name, or volume label syntax is incorrect)">
      <![CDATA[java.lang.RuntimeException: ScreenShot Capture Failed: CC:\Users\2407231\eclipse-workspace\HotelTrivago\ScreenShotsScreenShots_20-06-2025 9-51-55.png (The filename, directory name, or volume label syntax is incorrect)
at com.test.util.ScreenShotUtil.screenShotTC(ScreenShotUtil.java:27)
at com.test.testScenario.HotelTrivagoApp.screenshot(HotelTrivagoApp.java:87)
at java.base/java.util.ArrayList.forEach(ArrayList.java:1596)
... Removed 30 stack frames]]>
    </failure>
  </testcase> <!-- @AfterMethod screenshot -->
  <testcase classname="com.test.testScenario.HotelTrivagoApp" name="@AfterMethod getResult" time="0.0">
    <skipped/>
  </testcase> <!-- @AfterMethod getResult -->
  <testcase classname="com.test.testScenario.HotelTrivagoApp" name="@AfterMethod screenshot" time="0.0">
    <skipped/>
  </testcase> <!-- @AfterMethod screenshot -->
  <testcase classname="com.test.testScenario.HotelTrivagoApp" name="@AfterMethod getResult" time="0.0">
    <skipped/>
  </testcase> <!-- @AfterMethod getResult -->
  <testcase classname="com.test.testScenario.HotelTrivagoApp" name="@AfterMethod screenshot" time="0.0">
    <skipped/>
  </testcase> <!-- @AfterMethod screenshot -->
  <testcase classname="com.test.testScenario.HotelTrivagoApp" name="@AfterMethod getResult" time="0.0">
    <skipped/>
  </testcase> <!-- @AfterMethod getResult -->
  <testcase classname="com.test.testScenario.HotelTrivagoApp" name="@AfterMethod screenshot" time="0.0">
    <skipped/>
  </testcase> <!-- @AfterMethod screenshot -->
  <testcase classname="com.test.testScenario.HotelTrivagoApp" name="@AfterMethod getResult" time="0.0">
    <skipped/>
  </testcase> <!-- @AfterMethod getResult -->
  <testcase classname="com.test.testScenario.HotelTrivagoApp" name="@AfterMethod screenshot" time="0.0">
    <skipped/>
  </testcase> <!-- @AfterMethod screenshot -->
  <testcase classname="com.test.testScenario.HotelTrivagoApp" name="@AfterMethod getResult" time="0.0">
    <skipped/>
  </testcase> <!-- @AfterMethod getResult -->
  <testcase classname="com.test.testScenario.HotelTrivagoApp" name="@AfterMethod screenshot" time="0.0">
    <skipped/>
  </testcase> <!-- @AfterMethod screenshot -->
  <testcase classname="com.test.testScenario.HotelTrivagoApp" name="@AfterClass writeDataIntoExcel" time="0.0">
    <skipped/>
  </testcase> <!-- @AfterClass writeDataIntoExcel -->
  <testcase classname="com.test.testScenario.HotelTrivagoApp" name="@AfterTest tearDown" time="0.0">
    <skipped/>
  </testcase> <!-- @AfterTest tearDown -->
  <testcase classname="com.test.testScenario.HotelTrivagoApp" name="cityInitialize" time="1.732"/>
  <testcase classname="com.test.testScenario.HotelTrivagoApp" name="cityInitialize" time="0.0">
    <skipped/>
  </testcase> <!-- cityInitialize -->
  <testcase classname="com.test.testScenario.HotelTrivagoApp" name="cityInitialize" time="0.0">
    <skipped/>
  </testcase> <!-- cityInitialize -->
  <testcase classname="com.test.testScenario.HotelTrivagoApp" name="cityInitialize" time="0.0">
    <skipped/>
  </testcase> <!-- cityInitialize -->
  <testcase classname="com.test.testScenario.HotelTrivagoApp" name="cityInitialize" time="0.0">
    <skipped/>
  </testcase> <!-- cityInitialize -->
  <testcase classname="com.test.testScenario.HotelTrivagoApp" name="result" time="0.0">
    <skipped/>
  </testcase> <!-- result -->
</testsuite> <!-- Test -->
